TN:
SF:/Users/qimuyunduan/Desktop/project/pandatravel/src/main.js
FN:38,(anonymous_1)
FN:42,(anonymous_2)
FNF:2
FNH:1
FNDA:1,(anonymous_1)
FNDA:0,(anonymous_2)
DA:11,1
DA:12,1
DA:13,1
DA:14,1
DA:15,1
DA:16,1
DA:17,1
DA:18,1
DA:20,1
DA:21,1
DA:25,1
DA:26,1
DA:31,1
DA:36,1
DA:38,1
DA:40,1
DA:41,1
DA:42,1
DA:43,0
DA:44,0
DA:49,1
DA:52,1
DA:55,1
LF:23
LH:21
BRF:0
BRH:0
end_of_record
TN:
SF:/Users/qimuyunduan/Desktop/project/pandatravel/src/api/index.js
FN:13,login
FN:13,register
FNF:2
FNH:0
FNDA:0,login
FNDA:0,register
DA:11,1
DA:13,1
LF:2
LH:2
BRF:0
BRH:0
end_of_record
TN:
SF:/Users/qimuyunduan/Desktop/project/pandatravel/src/assets/js/iconfont.js
FN:1,(anonymous_0)
FN:1,(anonymous_1)
FN:1,ready
FN:1,loadFn
FN:1,IEContentLoaded
FN:1,init
FN:1,polling
FN:1,(anonymous_7)
FN:1,before
FN:1,prepend
FN:1,appendSvg
FNF:11
FNH:7
FNDA:1,(anonymous_0)
FNDA:1,(anonymous_1)
FNDA:1,ready
FNDA:1,loadFn
FNDA:0,IEContentLoaded
FNDA:0,init
FNDA:0,polling
FNDA:0,(anonymous_7)
FNDA:1,before
FNDA:1,prepend
FNDA:1,appendSvg
DA:1,1
LF:1
LH:1
BRDA:1,0,0,1
BRDA:1,0,1,0
BRDA:1,1,0,0
BRDA:1,1,1,1
BRDA:1,2,0,0
BRDA:1,2,1,0
BRDA:1,3,0,0
BRDA:1,3,1,0
BRDA:1,4,0,0
BRDA:1,4,1,0
BRDA:1,5,0,1
BRDA:1,5,1,0
BRDA:1,6,0,1
BRDA:1,6,1,0
BRDA:1,7,0,0
BRDA:1,7,1,1
BRDA:1,8,0,1
BRDA:1,8,1,0
BRDA:1,9,0,0
BRDA:1,9,1,0
BRF:20
BRH:6
end_of_record
TN:
SF:/Users/qimuyunduan/Desktop/project/pandatravel/src/routes/about.js
FN:15,main
FN:17,(anonymous_1)
FNF:2
FNH:0
FNDA:0,main
FNDA:0,(anonymous_1)
DA:17,0
DA:18,0
LF:2
LH:0
BRF:0
BRH:0
end_of_record
TN:
SF:/Users/qimuyunduan/Desktop/project/pandatravel/src/routes/home.js
FN:16,main
FN:18,(anonymous_1)
FNF:2
FNH:0
FNDA:0,main
FNDA:0,(anonymous_1)
DA:18,0
DA:19,0
LF:2
LH:0
BRF:0
BRH:0
end_of_record
TN:
SF:/Users/qimuyunduan/Desktop/project/pandatravel/src/routes/homepage.js
FN:13,header
FN:15,(anonymous_1)
FN:20,main
FN:22,(anonymous_3)
FNF:4
FNH:4
FNDA:1,header
FNDA:1,(anonymous_1)
FNDA:1,main
FNDA:1,(anonymous_3)
DA:13,1
DA:15,1
DA:16,1
DA:20,1
DA:22,1
DA:23,1
LF:6
LH:6
BRF:0
BRH:0
end_of_record
TN:
SF:/Users/qimuyunduan/Desktop/project/pandatravel/src/routes/hot.js
FN:13,header
FN:15,(anonymous_1)
FN:20,hot
FN:22,(anonymous_3)
FNF:4
FNH:0
FNDA:0,header
FNDA:0,(anonymous_1)
FNDA:0,hot
FNDA:0,(anonymous_3)
DA:13,1
DA:15,0
DA:16,0
DA:20,1
DA:22,0
DA:23,0
LF:6
LH:2
BRF:0
BRH:0
end_of_record
TN:
SF:/Users/qimuyunduan/Desktop/project/pandatravel/src/routes/index.js
FN:13,topHeader
FN:15,(anonymous_1)
FN:20,main
FN:22,(anonymous_3)
FN:27,bottomFooter
FN:29,(anonymous_5)
FNF:6
FNH:0
FNDA:0,topHeader
FNDA:0,(anonymous_1)
FNDA:0,main
FNDA:0,(anonymous_3)
FNDA:0,bottomFooter
FNDA:0,(anonymous_5)
DA:13,1
DA:15,0
DA:16,0
DA:20,1
DA:22,0
DA:23,0
DA:27,1
DA:29,0
DA:30,0
LF:9
LH:3
BRF:0
BRH:0
end_of_record
TN:
SF:/Users/qimuyunduan/Desktop/project/pandatravel/src/routes/login.js
FN:15,main
FN:17,(anonymous_1)
FNF:2
FNH:0
FNDA:0,main
FNDA:0,(anonymous_1)
DA:17,0
DA:18,0
LF:2
LH:0
BRF:0
BRH:0
end_of_record
TN:
SF:/Users/qimuyunduan/Desktop/project/pandatravel/src/routes/main.js
FN:12,header
FN:14,(anonymous_1)
FN:19,main
FN:21,(anonymous_3)
FNF:4
FNH:0
FNDA:0,header
FNDA:0,(anonymous_1)
FNDA:0,main
FNDA:0,(anonymous_3)
DA:12,1
DA:14,0
DA:15,0
DA:19,1
DA:21,0
DA:22,0
LF:6
LH:2
BRF:0
BRH:0
end_of_record
TN:
SF:/Users/qimuyunduan/Desktop/project/pandatravel/src/routes/not_found.js
FN:15,main
FN:17,(anonymous_1)
FNF:2
FNH:0
FNDA:0,main
FNDA:0,(anonymous_1)
DA:17,0
DA:18,0
LF:2
LH:0
BRF:0
BRH:0
end_of_record
TN:
SF:/Users/qimuyunduan/Desktop/project/pandatravel/src/routes/routes.js
FNF:0
FNH:0
DA:12,1
DA:14,1
DA:15,1
DA:16,1
DA:17,1
DA:18,1
DA:19,1
DA:21,1
DA:25,1
LF:9
LH:9
BRF:0
BRH:0
end_of_record
TN:
SF:/Users/qimuyunduan/Desktop/project/pandatravel/src/store/index.js
FNF:0
FNH:0
DA:12,1
DA:13,1
DA:15,1
DA:16,1
DA:17,1
DA:18,1
DA:20,1
LF:7
LH:7
BRF:0
BRH:0
end_of_record
TN:
SF:/Users/qimuyunduan/Desktop/project/pandatravel/src/utilities/index.js
FN:13,replace
FN:17,push
FN:22,go
FNF:3
FNH:0
FNDA:0,replace
FNDA:0,push
FNDA:0,go
DA:14,0
DA:19,0
DA:23,0
DA:24,0
DA:25,0
DA:26,0
DA:28,0
LF:7
LH:0
BRDA:23,0,0,0
BRDA:23,0,1,0
BRDA:23,1,0,0
BRDA:23,1,1,0
BRDA:25,2,0,0
BRDA:25,2,1,0
BRDA:25,3,0,0
BRDA:25,3,1,0
BRF:8
BRH:0
end_of_record
